<package-database xmlns="http://marklogic.com/manage/package/databases">
	<config>
		<package-database-properties>
			<word-positions>true</word-positions>
			<collection-lexicon>true</collection-lexicon>
			<range-element-indexes>
				<range-element-index>
					<scalar-type>dateTime</scalar-type>
					<collation />
					<namespace-uri>http://marklogic.com/test</namespace-uri>
					<localname>testDateTime</localname>
					<range-value-positions>false</range-value-positions>
					<invalid-values>reject</invalid-values>
				</range-element-index>
			</range-element-indexes>
			<range-field-indexes>
				<range-field-index>
					<scalar-type>int</scalar-type>
					<field-name>intField</field-name>
					<collation />
					<range-value-positions>false</range-value-positions>
					<invalid-values>ignore</invalid-values>
				</range-field-index>
			</range-field-indexes>
			<fields>
				<field>
					<field-name>intField</field-name>
					<field-path>
						<path>/some/int/element</path>
						<weight>1</weight>
					</field-path>
					<word-lexicons />
					<included-elements />
					<excluded-elements />
				</field>
			</fields>
			<geospatial-element-indexes>
				<geospatial-element-index>
					<namespace-uri>http://marklogic.com/test</namespace-uri>
					<localname>testRegion</localname>
					<coordinate-system>wgs84</coordinate-system>
					<point-format>point</point-format>
					<range-value-positions>false</range-value-positions>
					<invalid-values>reject</invalid-values>
				</geospatial-element-index>
			</geospatial-element-indexes>
			<element-word-lexicons>
				<element-word-lexicon>
					<namespace-uri>urn:some:namespace</namespace-uri>
					<localname>SomeElement</localname>
					<collation>http://marklogic.com/collation/codepoint</collation>
				</element-word-lexicon>
			</element-word-lexicons>
		</package-database-properties>
		<links>
			<schema-database>my-schemas-database</schema-database>
			<triggers-database>my-triggers-database</triggers-database>
		</links>
	</config>
</package-database>

